Step: build-step-credential-initializer-bnlnh:

Unable to retrieve container logs for docker://e66dfadd5e5ae7668b602476e3a6d554377b1579abd6c175d8a691e73d576a35
Step: build-step-working-dir-initializer-zrxwg:

Unable to retrieve container logs for docker://77cfdaf2221ba3164b751c857cfcbe5ac1c02f4a428fd66a65634f9b70882f46
Step: build-step-place-tools:

Unable to retrieve container logs for docker://97d8848f6b33a22e87249074f3c1e34b2712a2d9c97ef646417cfd5f46c00007
Step: build-step-git-source-jenkins-x-charts-vault-operator-pp772:

{"level":"warn","ts":1565617454.4778318,"logger":"fallback-logger","caller":"logging/config.go:65","msg":"Fetch GitHub commit ID from kodata failed: \"ref: refs/heads/master\" is not a valid GitHub commit ID"}
{"level":"info","ts":1565617461.7534173,"logger":"fallback-logger","caller":"git/git.go:102","msg":"Successfully cloned https://github.com/jenkins-x-charts/vault-operator @ ba540a91aee74bfd673ac9b49b1493819b76bfaf in path /workspace/source"}
Step: build-step-git-merge:

Warning failed to load version: failed to parse version -dev+9e73adc0b: No Major.Minor.Patch elements found
time="2019-08-12T13:44:30Z" level=info msg="got "
Using SHAs from PULL_REFS=master:670d7e851b579e39d6d46a66f6c5b11a96c66310,13:ba540a91aee74bfd673ac9b49b1493819b76bfaf
ran git fetch --unshallow origin ba540a91aee74bfd673ac9b49b1493819b76bfaf: 670d7e851b579e39d6d46a66f6c5b11a96c66310: in 
ran git checkout master in 
ran git reset --hard 670d7e851b579e39d6d46a66f6c5b11a96c66310 in 
ran clean --force -d . in 
ran git merge ba540a91aee74bfd673ac9b49b1493819b76bfaf in 
Step: build-step-build-build:

cat: /builder/home/basic-auth-user.json: No such file or directory
cat: /builder/home/basic-auth-pass.json: No such file or directory
rm -rf vault-operator/charts
rm -rf vault-operator/vault-operator*.tgz
rm -rf vault-operator/requirements.lock
helm init --client-only
Creating /builder/home/.helm 
Creating /builder/home/.helm/repository 
Creating /builder/home/.helm/repository/cache 
Creating /builder/home/.helm/repository/local 
Creating /builder/home/.helm/plugins 
Creating /builder/home/.helm/starters 
Creating /builder/home/.helm/cache/archive 
Creating /builder/home/.helm/repository/repositories.yaml 
Adding stable repo with URL: https://kubernetes-charts.storage.googleapis.com 
Adding local repo with URL: http://127.0.0.1:8879/charts 
$HELM_HOME has been configured at /builder/home/.helm.
Not installing Tiller due to 'client-only' flag having been set
helm repo add jenkins-x http://chartmuseum.jenkins-x.io
"jenkins-x" has been added to your repositories
helm dependency build vault-operator
No requirements found in vault-operator/charts.
helm lint vault-operator
==> Linting vault-operator
Lint OK

1 chart(s) linted, no failures
