Step: build-step-credential-initializer-mvvxv:

{"level":"warn","ts":1565620036.0600219,"logger":"fallback-logger","caller":"logging/config.go:65","msg":"Fetch GitHub commit ID from kodata failed: \"ref: refs/heads/master\" is not a valid GitHub commit ID"}
{"level":"info","ts":1565620036.061557,"logger":"fallback-logger","caller":"creds-init/main.go:40","msg":"Credentials initialized."}
Step: build-step-working-dir-initializer-4qcfg:

{"level":"warn","ts":1565620037.7631857,"logger":"fallback-logger","caller":"logging/config.go:65","msg":"Fetch GitHub commit ID from kodata failed: open /var/run/ko/HEAD: no such file or directory"}
{"level":"info","ts":1565620037.874655,"logger":"fallback-logger","caller":"bash/main.go:65","msg":"Successfully executed command \"mkdir -p /workspace/source\""}
Step: build-step-place-tools:

Step: build-step-git-source-jenkins-x-charts-vault-operator-nb622:

{"level":"warn","ts":1565620041.1021519,"logger":"fallback-logger","caller":"logging/config.go:65","msg":"Fetch GitHub commit ID from kodata failed: \"ref: refs/heads/master\" is not a valid GitHub commit ID"}
{"level":"info","ts":1565620043.6258311,"logger":"fallback-logger","caller":"git/git.go:102","msg":"Successfully cloned https://github.com/jenkins-x-charts/vault-operator @ v0.3.1 in path /workspace/source"}
Step: build-step-git-merge:

Warning failed to load version: failed to parse version -dev+9e73adc0b: No Major.Minor.Patch elements found
time="2019-08-12T14:27:29Z" level=info msg="got "
Using SHAs from PULL_REFS=master:926083dadd5b62fa289a93033c58738027fced89
time="2019-08-12T14:27:29Z" level=warning msg="no SHAs to merge, falling back to initial cloned commit"
Step: build-step-setup-**-git-credentials:

Generated Git credentials file /builder/home/git/credentials
Step: build-step-build-basic-auth-username:

/builder/home/basic-auth-user.json
Step: build-step-build-basic-auth-password:

/builder/home/basic-auth-pass.json
Step: build-step-build-release:

rm -rf vault-operator/charts
rm -rf vault-operator/vault-operator*.tgz
rm -rf vault-operator/requirements.lock
helm init --client-only
Creating /builder/home/.helm 
Creating /builder/home/.helm/repository 
Creating /builder/home/.helm/repository/cache 
Creating /builder/home/.helm/repository/local 
Creating /builder/home/.helm/plugins 
Creating /builder/home/.helm/starters 
Creating /builder/home/.helm/cache/archive 
Creating /builder/home/.helm/repository/repositories.yaml 
Adding stable repo with URL: https://kubernetes-charts.storage.googleapis.com 
Adding local repo with URL: http://127.0.0.1:8879/charts 
$HELM_HOME has been configured at /builder/home/.helm.
Not installing Tiller due to 'client-only' flag having been set
helm repo add jenkins-x http://chartmuseum.jenkins-x.io
"jenkins-x" has been added to your repositories
helm dependency build vault-operator
No requirements found in vault-operator/charts.
helm lint vault-operator
==> Linting vault-operator
Lint OK

1 chart(s) linted, no failures
sed -i -e "s/version:.*/version: 0.3.1/" vault-operator/Chart.yaml
helm package vault-operator
Successfully packaged chart and saved it to: /workspace/source/vault-operator-0.3.1.tgz
curl --fail -u *****:************ --data-binary "@vault-operator-0.3.1.tgz" http://jenkins-x-chartmuseum:8080/api/charts
  % Total    % Received % Xferd  Average Speed   Time    Time     Time  Current
                                 Dload  Upload   Total   Spent    Left  Speed
  0     0    0     0    0     0      0      0 --:--:-- --:--:-- --:--:--     0100  2593  100    14  100  2579     51   9505 --:--:-- --:--:-- --:--:--  9481100  2593  100    14  100  2579     50   9338 --:--:-- --:--:-- --:--:--  9310
{"saved":true}rm -rf vault-operator*.tgz
